{"/home/chris/Documentos/www/Proyecto01-web/calculator-app/src/hooks/useCalculator.jsx": {"path":"/home/chris/Documentos/www/Proyecto01-web/calculator-app/src/hooks/useCalculator.jsx","statementMap":{"0":{"start":{"line":5,"column":44},"end":{"line":5,"column":57}},"1":{"start":{"line":6,"column":44},"end":{"line":6,"column":58}},"2":{"start":{"line":7,"column":44},"end":{"line":7,"column":58}},"3":{"start":{"line":8,"column":54},"end":{"line":8,"column":69}},"4":{"start":{"line":9,"column":44},"end":{"line":9,"column":59}},"5":{"start":{"line":11,"column":18},"end":{"line":22,"column":3}},"6":{"start":{"line":12,"column":4},"end":{"line":21,"column":5}},"7":{"start":{"line":13,"column":17},"end":{"line":13,"column":29}},"8":{"start":{"line":14,"column":17},"end":{"line":14,"column":29}},"9":{"start":{"line":16,"column":17},"end":{"line":16,"column":29}},"10":{"start":{"line":18,"column":17},"end":{"line":18,"column":45}},"11":{"start":{"line":19,"column":17},"end":{"line":19,"column":29}},"12":{"start":{"line":20,"column":17},"end":{"line":20,"column":25}},"13":{"start":{"line":24,"column":21},"end":{"line":35,"column":3}},"14":{"start":{"line":25,"column":4},"end":{"line":25,"column":21}},"15":{"start":{"line":25,"column":15},"end":{"line":25,"column":21}},"16":{"start":{"line":26,"column":4},"end":{"line":34,"column":5}},"17":{"start":{"line":27,"column":6},"end":{"line":27,"column":28}},"18":{"start":{"line":28,"column":6},"end":{"line":28,"column":34}},"19":{"start":{"line":30,"column":6},"end":{"line":33,"column":8}},"20":{"start":{"line":31,"column":21},"end":{"line":31,"column":56}},"21":{"start":{"line":32,"column":8},"end":{"line":32,"column":45}},"22":{"start":{"line":37,"column":23},"end":{"line":50,"column":3}},"23":{"start":{"line":38,"column":4},"end":{"line":38,"column":21}},"24":{"start":{"line":38,"column":15},"end":{"line":38,"column":21}},"25":{"start":{"line":39,"column":4},"end":{"line":49,"column":5}},"26":{"start":{"line":40,"column":6},"end":{"line":40,"column":27}},"27":{"start":{"line":41,"column":6},"end":{"line":41,"column":34}},"28":{"start":{"line":43,"column":6},"end":{"line":48,"column":8}},"29":{"start":{"line":45,"column":8},"end":{"line":45,"column":43}},"30":{"start":{"line":45,"column":32},"end":{"line":45,"column":43}},"31":{"start":{"line":46,"column":21},"end":{"line":46,"column":31}},"32":{"start":{"line":47,"column":8},"end":{"line":47,"column":45}},"33":{"start":{"line":52,"column":25},"end":{"line":70,"column":3}},"34":{"start":{"line":53,"column":4},"end":{"line":53,"column":21}},"35":{"start":{"line":53,"column":15},"end":{"line":53,"column":21}},"36":{"start":{"line":54,"column":23},"end":{"line":54,"column":47}},"37":{"start":{"line":55,"column":4},"end":{"line":67,"column":5}},"38":{"start":{"line":56,"column":6},"end":{"line":56,"column":34}},"39":{"start":{"line":57,"column":11},"end":{"line":67,"column":5}},"40":{"start":{"line":58,"column":21},"end":{"line":58,"column":65}},"41":{"start":{"line":59,"column":21},"end":{"line":59,"column":35}},"42":{"start":{"line":60,"column":6},"end":{"line":64,"column":7}},"43":{"start":{"line":61,"column":8},"end":{"line":61,"column":22}},"44":{"start":{"line":62,"column":8},"end":{"line":62,"column":32}},"45":{"start":{"line":63,"column":8},"end":{"line":63,"column":14}},"46":{"start":{"line":65,"column":6},"end":{"line":65,"column":26}},"47":{"start":{"line":66,"column":6},"end":{"line":66,"column":30}},"48":{"start":{"line":68,"column":4},"end":{"line":68,"column":23}},"49":{"start":{"line":69,"column":4},"end":{"line":69,"column":31}},"50":{"start":{"line":72,"column":20},"end":{"line":86,"column":3}},"51":{"start":{"line":73,"column":4},"end":{"line":73,"column":66}},"52":{"start":{"line":73,"column":60},"end":{"line":73,"column":66}},"53":{"start":{"line":74,"column":23},"end":{"line":74,"column":47}},"54":{"start":{"line":75,"column":23},"end":{"line":75,"column":67}},"55":{"start":{"line":76,"column":23},"end":{"line":76,"column":37}},"56":{"start":{"line":77,"column":4},"end":{"line":85,"column":5}},"57":{"start":{"line":78,"column":6},"end":{"line":78,"column":20}},"58":{"start":{"line":79,"column":6},"end":{"line":79,"column":30}},"59":{"start":{"line":81,"column":6},"end":{"line":81,"column":26}},"60":{"start":{"line":82,"column":6},"end":{"line":82,"column":28}},"61":{"start":{"line":83,"column":6},"end":{"line":83,"column":23}},"62":{"start":{"line":84,"column":6},"end":{"line":84,"column":33}},"63":{"start":{"line":88,"column":21},"end":{"line":91,"column":3}},"64":{"start":{"line":89,"column":4},"end":{"line":89,"column":24}},"65":{"start":{"line":90,"column":4},"end":{"line":90,"column":19}},"66":{"start":{"line":93,"column":19},"end":{"line":99,"column":3}},"67":{"start":{"line":94,"column":4},"end":{"line":94,"column":24}},"68":{"start":{"line":95,"column":4},"end":{"line":95,"column":26}},"69":{"start":{"line":96,"column":4},"end":{"line":96,"column":21}},"70":{"start":{"line":97,"column":4},"end":{"line":97,"column":32}},"71":{"start":{"line":98,"column":4},"end":{"line":98,"column":19}},"72":{"start":{"line":101,"column":21},"end":{"line":112,"column":3}},"73":{"start":{"line":102,"column":4},"end":{"line":102,"column":45}},"74":{"start":{"line":102,"column":39},"end":{"line":102,"column":45}},"75":{"start":{"line":103,"column":17},"end":{"line":105,"column":26}},"76":{"start":{"line":106,"column":4},"end":{"line":111,"column":5}},"77":{"start":{"line":107,"column":6},"end":{"line":107,"column":20}},"78":{"start":{"line":108,"column":6},"end":{"line":108,"column":30}},"79":{"start":{"line":110,"column":6},"end":{"line":110,"column":27}},"80":{"start":{"line":114,"column":2},"end":{"line":124,"column":3}}},"fnMap":{"0":{"name":"useCalculator","decl":{"start":{"line":4,"column":16},"end":{"line":4,"column":29}},"loc":{"start":{"line":4,"column":32},"end":{"line":125,"column":1}},"line":4},"1":{"name":"(anonymous_1)","decl":{"start":{"line":11,"column":18},"end":{"line":11,"column":19}},"loc":{"start":{"line":11,"column":32},"end":{"line":22,"column":3}},"line":11},"2":{"name":"(anonymous_2)","decl":{"start":{"line":24,"column":21},"end":{"line":24,"column":22}},"loc":{"start":{"line":24,"column":30},"end":{"line":35,"column":3}},"line":24},"3":{"name":"(anonymous_3)","decl":{"start":{"line":30,"column":22},"end":{"line":30,"column":23}},"loc":{"start":{"line":30,"column":30},"end":{"line":33,"column":7}},"line":30},"4":{"name":"(anonymous_4)","decl":{"start":{"line":37,"column":23},"end":{"line":37,"column":24}},"loc":{"start":{"line":37,"column":29},"end":{"line":50,"column":3}},"line":37},"5":{"name":"(anonymous_5)","decl":{"start":{"line":43,"column":22},"end":{"line":43,"column":23}},"loc":{"start":{"line":43,"column":30},"end":{"line":48,"column":7}},"line":43},"6":{"name":"(anonymous_6)","decl":{"start":{"line":52,"column":25},"end":{"line":52,"column":26}},"loc":{"start":{"line":52,"column":35},"end":{"line":70,"column":3}},"line":52},"7":{"name":"(anonymous_7)","decl":{"start":{"line":72,"column":20},"end":{"line":72,"column":21}},"loc":{"start":{"line":72,"column":26},"end":{"line":86,"column":3}},"line":72},"8":{"name":"(anonymous_8)","decl":{"start":{"line":88,"column":21},"end":{"line":88,"column":22}},"loc":{"start":{"line":88,"column":27},"end":{"line":91,"column":3}},"line":88},"9":{"name":"(anonymous_9)","decl":{"start":{"line":93,"column":19},"end":{"line":93,"column":20}},"loc":{"start":{"line":93,"column":25},"end":{"line":99,"column":3}},"line":93},"10":{"name":"(anonymous_10)","decl":{"start":{"line":101,"column":21},"end":{"line":101,"column":22}},"loc":{"start":{"line":101,"column":27},"end":{"line":112,"column":3}},"line":101}},"branchMap":{"0":{"loc":{"start":{"line":12,"column":4},"end":{"line":21,"column":5}},"type":"switch","locations":[{"start":{"line":13,"column":6},"end":{"line":13,"column":29}},{"start":{"line":14,"column":6},"end":{"line":14,"column":29}},{"start":{"line":15,"column":6},"end":{"line":15,"column":15}},{"start":{"line":16,"column":6},"end":{"line":16,"column":29}},{"start":{"line":17,"column":6},"end":{"line":17,"column":15}},{"start":{"line":18,"column":6},"end":{"line":18,"column":45}},{"start":{"line":19,"column":6},"end":{"line":19,"column":29}},{"start":{"line":20,"column":6},"end":{"line":20,"column":25}}],"line":12},"1":{"loc":{"start":{"line":18,"column":24},"end":{"line":18,"column":45}},"type":"cond-expr","locations":[{"start":{"line":18,"column":34},"end":{"line":18,"column":39}},{"start":{"line":18,"column":42},"end":{"line":18,"column":45}}],"line":18},"2":{"loc":{"start":{"line":25,"column":4},"end":{"line":25,"column":21}},"type":"if","locations":[{"start":{"line":25,"column":4},"end":{"line":25,"column":21}},{"start":{},"end":{}}],"line":25},"3":{"loc":{"start":{"line":26,"column":4},"end":{"line":34,"column":5}},"type":"if","locations":[{"start":{"line":26,"column":4},"end":{"line":34,"column":5}},{"start":{"line":29,"column":11},"end":{"line":34,"column":5}}],"line":26},"4":{"loc":{"start":{"line":31,"column":21},"end":{"line":31,"column":56}},"type":"cond-expr","locations":[{"start":{"line":31,"column":36},"end":{"line":31,"column":41}},{"start":{"line":31,"column":44},"end":{"line":31,"column":56}}],"line":31},"5":{"loc":{"start":{"line":32,"column":15},"end":{"line":32,"column":45}},"type":"cond-expr","locations":[{"start":{"line":32,"column":34},"end":{"line":32,"column":38}},{"start":{"line":32,"column":41},"end":{"line":32,"column":45}}],"line":32},"6":{"loc":{"start":{"line":38,"column":4},"end":{"line":38,"column":21}},"type":"if","locations":[{"start":{"line":38,"column":4},"end":{"line":38,"column":21}},{"start":{},"end":{}}],"line":38},"7":{"loc":{"start":{"line":39,"column":4},"end":{"line":49,"column":5}},"type":"if","locations":[{"start":{"line":39,"column":4},"end":{"line":49,"column":5}},{"start":{"line":42,"column":11},"end":{"line":49,"column":5}}],"line":39},"8":{"loc":{"start":{"line":45,"column":8},"end":{"line":45,"column":43}},"type":"if","locations":[{"start":{"line":45,"column":8},"end":{"line":45,"column":43}},{"start":{},"end":{}}],"line":45},"9":{"loc":{"start":{"line":47,"column":15},"end":{"line":47,"column":45}},"type":"cond-expr","locations":[{"start":{"line":47,"column":34},"end":{"line":47,"column":38}},{"start":{"line":47,"column":41},"end":{"line":47,"column":45}}],"line":47},"10":{"loc":{"start":{"line":53,"column":4},"end":{"line":53,"column":21}},"type":"if","locations":[{"start":{"line":53,"column":4},"end":{"line":53,"column":21}},{"start":{},"end":{}}],"line":53},"11":{"loc":{"start":{"line":55,"column":4},"end":{"line":67,"column":5}},"type":"if","locations":[{"start":{"line":55,"column":4},"end":{"line":67,"column":5}},{"start":{"line":57,"column":11},"end":{"line":67,"column":5}}],"line":55},"12":{"loc":{"start":{"line":57,"column":11},"end":{"line":67,"column":5}},"type":"if","locations":[{"start":{"line":57,"column":11},"end":{"line":67,"column":5}},{"start":{},"end":{}}],"line":57},"13":{"loc":{"start":{"line":60,"column":6},"end":{"line":64,"column":7}},"type":"if","locations":[{"start":{"line":60,"column":6},"end":{"line":64,"column":7}},{"start":{},"end":{}}],"line":60},"14":{"loc":{"start":{"line":60,"column":10},"end":{"line":60,"column":55}},"type":"binary-expr","locations":[{"start":{"line":60,"column":10},"end":{"line":60,"column":23}},{"start":{"line":60,"column":27},"end":{"line":60,"column":37}},{"start":{"line":60,"column":41},"end":{"line":60,"column":55}}],"line":60},"15":{"loc":{"start":{"line":73,"column":4},"end":{"line":73,"column":66}},"type":"if","locations":[{"start":{"line":73,"column":4},"end":{"line":73,"column":66}},{"start":{},"end":{}}],"line":73},"16":{"loc":{"start":{"line":73,"column":8},"end":{"line":73,"column":58}},"type":"binary-expr","locations":[{"start":{"line":73,"column":8},"end":{"line":73,"column":13}},{"start":{"line":73,"column":17},"end":{"line":73,"column":33}},{"start":{"line":73,"column":37},"end":{"line":73,"column":58}}],"line":73},"17":{"loc":{"start":{"line":77,"column":4},"end":{"line":85,"column":5}},"type":"if","locations":[{"start":{"line":77,"column":4},"end":{"line":85,"column":5}},{"start":{"line":80,"column":11},"end":{"line":85,"column":5}}],"line":77},"18":{"loc":{"start":{"line":77,"column":8},"end":{"line":77,"column":53}},"type":"binary-expr","locations":[{"start":{"line":77,"column":8},"end":{"line":77,"column":21}},{"start":{"line":77,"column":25},"end":{"line":77,"column":35}},{"start":{"line":77,"column":39},"end":{"line":77,"column":53}}],"line":77},"19":{"loc":{"start":{"line":102,"column":4},"end":{"line":102,"column":45}},"type":"if","locations":[{"start":{"line":102,"column":4},"end":{"line":102,"column":45}},{"start":{},"end":{}}],"line":102},"20":{"loc":{"start":{"line":102,"column":8},"end":{"line":102,"column":37}},"type":"binary-expr","locations":[{"start":{"line":102,"column":8},"end":{"line":102,"column":13}},{"start":{"line":102,"column":17},"end":{"line":102,"column":37}}],"line":102},"21":{"loc":{"start":{"line":103,"column":17},"end":{"line":105,"column":26}},"type":"cond-expr","locations":[{"start":{"line":104,"column":8},"end":{"line":104,"column":29}},{"start":{"line":105,"column":8},"end":{"line":105,"column":26}}],"line":103},"22":{"loc":{"start":{"line":106,"column":4},"end":{"line":111,"column":5}},"type":"if","locations":[{"start":{"line":106,"column":4},"end":{"line":111,"column":5}},{"start":{"line":109,"column":11},"end":{"line":111,"column":5}}],"line":106}},"s":{"0":31,"1":31,"2":31,"3":31,"4":31,"5":31,"6":6,"7":1,"8":2,"9":2,"10":1,"11":0,"12":0,"13":31,"14":30,"15":0,"16":30,"17":5,"18":5,"19":25,"20":25,"21":25,"22":31,"23":0,"24":0,"25":0,"26":0,"27":0,"28":0,"29":0,"30":0,"31":0,"32":0,"33":31,"34":6,"35":0,"36":6,"37":6,"38":6,"39":0,"40":0,"41":0,"42":0,"43":0,"44":0,"45":0,"46":0,"47":0,"48":6,"49":6,"50":31,"51":6,"52":0,"53":6,"54":6,"55":6,"56":6,"57":2,"58":2,"59":4,"60":4,"61":4,"62":4,"63":31,"64":0,"65":0,"66":31,"67":0,"68":0,"69":0,"70":0,"71":0,"72":31,"73":0,"74":0,"75":0,"76":0,"77":0,"78":0,"79":0,"80":31},"f":{"0":31,"1":6,"2":30,"3":25,"4":0,"5":0,"6":6,"7":6,"8":0,"9":0,"10":0},"b":{"0":[1,2,0,2,0,1,0,0],"1":[1,0],"2":[0,30],"3":[5,25],"4":[7,18],"5":[23,2],"6":[0,0],"7":[0,0],"8":[0,0],"9":[0,0],"10":[0,6],"11":[6,0],"12":[0,0],"13":[0,0],"14":[0,0,0],"15":[0,6],"16":[6,6,6],"17":[2,4],"18":[6,6,5],"19":[0,0],"20":[0,0],"21":[0,0],"22":[0,0]},"_coverageSchema":"1a1c01bbd47fc00a2c39e90264f33305004495a9","hash":"775fbb04508a88058f58a0710c840f41ce1446c4"}
}
