TN:
SF:src/hooks/useCalculator.jsx
FN:4,useCalculator
FN:11,(anonymous_1)
FN:24,(anonymous_2)
FN:30,(anonymous_3)
FN:37,(anonymous_4)
FN:43,(anonymous_5)
FN:52,(anonymous_6)
FN:72,(anonymous_7)
FN:88,(anonymous_8)
FN:93,(anonymous_9)
FN:101,(anonymous_10)
FNF:11
FNH:6
FNDA:31,useCalculator
FNDA:6,(anonymous_1)
FNDA:30,(anonymous_2)
FNDA:25,(anonymous_3)
FNDA:0,(anonymous_4)
FNDA:0,(anonymous_5)
FNDA:6,(anonymous_6)
FNDA:6,(anonymous_7)
FNDA:0,(anonymous_8)
FNDA:0,(anonymous_9)
FNDA:0,(anonymous_10)
DA:5,31
DA:6,31
DA:7,31
DA:8,31
DA:9,31
DA:11,31
DA:12,6
DA:13,1
DA:14,2
DA:16,2
DA:18,1
DA:19,0
DA:20,0
DA:24,31
DA:25,30
DA:26,30
DA:27,5
DA:28,5
DA:30,25
DA:31,25
DA:32,25
DA:37,31
DA:38,0
DA:39,0
DA:40,0
DA:41,0
DA:43,0
DA:45,0
DA:46,0
DA:47,0
DA:52,31
DA:53,6
DA:54,6
DA:55,6
DA:56,6
DA:57,0
DA:58,0
DA:59,0
DA:60,0
DA:61,0
DA:62,0
DA:63,0
DA:65,0
DA:66,0
DA:68,6
DA:69,6
DA:72,31
DA:73,6
DA:74,6
DA:75,6
DA:76,6
DA:77,6
DA:78,2
DA:79,2
DA:81,4
DA:82,4
DA:83,4
DA:84,4
DA:88,31
DA:89,0
DA:90,0
DA:93,31
DA:94,0
DA:95,0
DA:96,0
DA:97,0
DA:98,0
DA:101,31
DA:102,0
DA:103,0
DA:106,0
DA:107,0
DA:108,0
DA:110,0
DA:114,31
LF:75
LH:43
BRDA:12,0,0,1
BRDA:12,0,1,2
BRDA:12,0,2,0
BRDA:12,0,3,2
BRDA:12,0,4,0
BRDA:12,0,5,1
BRDA:12,0,6,0
BRDA:12,0,7,0
BRDA:18,1,0,1
BRDA:18,1,1,0
BRDA:25,2,0,0
BRDA:25,2,1,30
BRDA:26,3,0,5
BRDA:26,3,1,25
BRDA:31,4,0,7
BRDA:31,4,1,18
BRDA:32,5,0,23
BRDA:32,5,1,2
BRDA:38,6,0,0
BRDA:38,6,1,0
BRDA:39,7,0,0
BRDA:39,7,1,0
BRDA:45,8,0,0
BRDA:45,8,1,0
BRDA:47,9,0,0
BRDA:47,9,1,0
BRDA:53,10,0,0
BRDA:53,10,1,6
BRDA:55,11,0,6
BRDA:55,11,1,0
BRDA:57,12,0,0
BRDA:57,12,1,0
BRDA:60,13,0,0
BRDA:60,13,1,0
BRDA:60,14,0,0
BRDA:60,14,1,0
BRDA:60,14,2,0
BRDA:73,15,0,0
BRDA:73,15,1,6
BRDA:73,16,0,6
BRDA:73,16,1,6
BRDA:73,16,2,6
BRDA:77,17,0,2
BRDA:77,17,1,4
BRDA:77,18,0,6
BRDA:77,18,1,6
BRDA:77,18,2,5
BRDA:102,19,0,0
BRDA:102,19,1,0
BRDA:102,20,0,0
BRDA:102,20,1,0
BRDA:103,21,0,0
BRDA:103,21,1,0
BRDA:106,22,0,0
BRDA:106,22,1,0
BRF:55
BRH:23
end_of_record
